Determining if the pthread_create exist failed with the following output:
Change Dir: /home/eaibot/dashgo_ws/build/CMakeFiles/CMakeTmp

Run Build Command:"/usr/bin/make" "cmTryCompileExec2776927601/fast"
/usr/bin/make -f CMakeFiles/cmTryCompileExec2776927601.dir/build.make CMakeFiles/cmTryCompileExec2776927601.dir/build
make[1]: Entering directory '/home/eaibot/dashgo_ws/build/CMakeFiles/CMakeTmp'
/usr/bin/cmake -E cmake_progress_report /home/eaibot/dashgo_ws/build/CMakeFiles/CMakeTmp/CMakeFiles 1
Building C object CMakeFiles/cmTryCompileExec2776927601.dir/CheckSymbolExists.c.o
/usr/bin/cc    -o CMakeFiles/cmTryCompileExec2776927601.dir/CheckSymbolExists.c.o   -c /home/eaibot/dashgo_ws/build/CMakeFiles/CMakeTmp/CheckSymbolExists.c
Linking C executable cmTryCompileExec2776927601
/usr/bin/cmake -E cmake_link_script CMakeFiles/cmTryCompileExec2776927601.dir/link.txt --verbose=1
/usr/bin/cc       CMakeFiles/cmTryCompileExec2776927601.dir/CheckSymbolExists.c.o  -o cmTryCompileExec2776927601 -rdynamic 
CMakeFiles/cmTryCompileExec2776927601.dir/CheckSymbolExists.c.o: In function `main':
CheckSymbolExists.c:(.text+0x38): undefined reference to `pthread_create'
collect2: error: ld returned 1 exit status
CMakeFiles/cmTryCompileExec2776927601.dir/build.make:88: recipe for target 'cmTryCompileExec2776927601' failed
make[1]: *** [cmTryCompileExec2776927601] Error 1
make[1]: Leaving directory '/home/eaibot/dashgo_ws/build/CMakeFiles/CMakeTmp'
Makefile:118: recipe for target 'cmTryCompileExec2776927601/fast' failed
make: *** [cmTryCompileExec2776927601/fast] Error 2

File /home/eaibot/dashgo_ws/build/CMakeFiles/CMakeTmp/CheckSymbolExists.c:
/* */
#include <pthread.h>

int main(int argc, char** argv)
{
  (void)argv;
#ifndef pthread_create
  return ((int*)(&pthread_create))[argc];
#else
  (void)argc;
  return 0;
#endif
}

Determining if the function pthread_create exists in the pthreads failed with the following output:
Change Dir: /home/eaibot/dashgo_ws/build/CMakeFiles/CMakeTmp

Run Build Command:"/usr/bin/make" "cmTryCompileExec2716370763/fast"
/usr/bin/make -f CMakeFiles/cmTryCompileExec2716370763.dir/build.make CMakeFiles/cmTryCompileExec2716370763.dir/build
make[1]: Entering directory '/home/eaibot/dashgo_ws/build/CMakeFiles/CMakeTmp'
/usr/bin/cmake -E cmake_progress_report /home/eaibot/dashgo_ws/build/CMakeFiles/CMakeTmp/CMakeFiles 1
Building C object CMakeFiles/cmTryCompileExec2716370763.dir/CheckFunctionExists.c.o
/usr/bin/cc   -DCHECK_FUNCTION_EXISTS=pthread_create   -o CMakeFiles/cmTryCompileExec2716370763.dir/CheckFunctionExists.c.o   -c /usr/share/cmake-3.0/Modules/CheckFunctionExists.c
Linking C executable cmTryCompileExec2716370763
/usr/bin/cmake -E cmake_link_script CMakeFiles/cmTryCompileExec2716370763.dir/link.txt --verbose=1
/usr/bin/cc   -DCHECK_FUNCTION_EXISTS=pthread_create    CMakeFiles/cmTryCompileExec2716370763.dir/CheckFunctionExists.c.o  -o cmTryCompileExec2716370763 -rdynamic -lpthreads 
/usr/bin/ld: cannot find -lpthreads
collect2: error: ld returned 1 exit status
CMakeFiles/cmTryCompileExec2716370763.dir/build.make:88: recipe for target 'cmTryCompileExec2716370763' failed
make[1]: *** [cmTryCompileExec2716370763] Error 1
make[1]: Leaving directory '/home/eaibot/dashgo_ws/build/CMakeFiles/CMakeTmp'
Makefile:118: recipe for target 'cmTryCompileExec2716370763/fast' failed
make: *** [cmTryCompileExec2716370763/fast] Error 2


